<?xml version="1.0" encoding="UTF-8"?>
<testng-results ignored="0" total="1" passed="1" failed="0" skipped="0">
  <reporter-output>
  </reporter-output>
  <suite started-at="2022-02-05T23:57:32 IST" name="Default suite" finished-at="2022-02-05T23:57:35 IST" duration-ms="2990">
    <groups>
    </groups>
    <test started-at="2022-02-05T23:57:32 IST" name="Default test" finished-at="2022-02-05T23:57:35 IST" duration-ms="2990">
      <class name="Apis.EnableDisable_TranactionStatus">
        <test-method signature="EnableDisable_StatusofTransaction()[pri:0, instance:Apis.EnableDisable_TranactionStatus@19d481b]" started-at="2022-02-05T23:57:32 IST" name="EnableDisable_StatusofTransaction" finished-at="2022-02-05T23:57:35 IST" duration-ms="2955" status="PASS">
          <reporter-output>
          </reporter-output>
        </test-method> <!-- EnableDisable_StatusofTransaction -->
      </class> <!-- Apis.EnableDisable_TranactionStatus -->
    </test> <!-- Default test -->
  </suite> <!-- Default suite -->
</testng-results>
